Line 20: Class HCSlider.HCSSlider of control HCSSlider1 was not a loaded control class.
Line 335: Class MediaPlayerCtl.MediaPlayer of control MediaPlayer1 was not a loaded control class.
Line 26: The property name _ExtentX in HCSSlider1 is invalid.
Line 27: The property name _ExtentY in HCSSlider1 is invalid.
Line 342: The property name AudioStream in MediaPlayer1 is invalid.
Line 344: The property name AutoStart in MediaPlayer1 is invalid.
Line 345: The property name AnimationAtStart in MediaPlayer1 is invalid.
Line 346: The property name AllowScan in MediaPlayer1 is invalid.
Line 347: The property name AllowChangeDisplaySize in MediaPlayer1 is invalid.
Line 348: The property name AutoRewind in MediaPlayer1 is invalid.
Line 349: The property name Balance in MediaPlayer1 is invalid.
Line 350: The property name BaseURL in MediaPlayer1 is invalid.
Line 351: The property name BufferingTime in MediaPlayer1 is invalid.
Line 352: The property name CaptioningID in MediaPlayer1 is invalid.
Line 353: The property name ClickToPlay in MediaPlayer1 is invalid.
Line 354: The property name CursorType in MediaPlayer1 is invalid.
Line 355: The property name CurrentPosition in MediaPlayer1 is invalid.
Line 356: The property name CurrentMarker in MediaPlayer1 is invalid.
Line 357: The property name DefaultFrame in MediaPlayer1 is invalid.
Line 358: The property name DisplayBackColor in MediaPlayer1 is invalid.
Line 359: The property name DisplayForeColor in MediaPlayer1 is invalid.
Line 360: The property name DisplayMode in MediaPlayer1 is invalid.
Line 361: The property name DisplaySize in MediaPlayer1 is invalid.
Line 363: The property name EnableContextMenu in MediaPlayer1 is invalid.
Line 364: The property name EnablePositionControls in MediaPlayer1 is invalid.
Line 365: The property name EnableFullScreenControls in MediaPlayer1 is invalid.
Line 366: The property name EnableTracker in MediaPlayer1 is invalid.
Line 367: The property name Filename in MediaPlayer1 is invalid.
Line 368: The property name InvokeURLs in MediaPlayer1 is invalid.
Line 369: The property name Language in MediaPlayer1 is invalid.
Line 370: The property name Mute in MediaPlayer1 is invalid.
Line 371: The property name PlayCount in MediaPlayer1 is invalid.
Line 372: The property name PreviewMode in MediaPlayer1 is invalid.
Line 373: The property name Rate in MediaPlayer1 is invalid.
Line 374: The property name SAMILang in MediaPlayer1 is invalid.
Line 375: The property name SAMIStyle in MediaPlayer1 is invalid.
Line 376: The property name SAMIFileName in MediaPlayer1 is invalid.
Line 377: The property name SelectionStart in MediaPlayer1 is invalid.
Line 378: The property name SelectionEnd in MediaPlayer1 is invalid.
Line 379: The property name SendOpenStateChangeEvents in MediaPlayer1 is invalid.
Line 380: The property name SendWarningEvents in MediaPlayer1 is invalid.
Line 381: The property name SendErrorEvents in MediaPlayer1 is invalid.
Line 382: The property name SendKeyboardEvents in MediaPlayer1 is invalid.
Line 383: The property name SendMouseClickEvents in MediaPlayer1 is invalid.
Line 384: The property name SendMouseMoveEvents in MediaPlayer1 is invalid.
Line 385: The property name SendPlayStateChangeEvents in MediaPlayer1 is invalid.
Line 386: The property name ShowCaptioning in MediaPlayer1 is invalid.
Line 387: The property name ShowControls in MediaPlayer1 is invalid.
Line 388: The property name ShowAudioControls in MediaPlayer1 is invalid.
Line 389: The property name ShowDisplay in MediaPlayer1 is invalid.
Line 390: The property name ShowGotoBar in MediaPlayer1 is invalid.
Line 391: The property name ShowPositionControls in MediaPlayer1 is invalid.
Line 392: The property name ShowStatusBar in MediaPlayer1 is invalid.
Line 393: The property name ShowTracker in MediaPlayer1 is invalid.
Line 394: The property name TransparentAtStart in MediaPlayer1 is invalid.
Line 395: The property name VideoBorderWidth in MediaPlayer1 is invalid.
Line 396: The property name VideoBorderColor in MediaPlayer1 is invalid.
Line 397: The property name VideoBorder3D in MediaPlayer1 is invalid.
Line 398: The property name Volume in MediaPlayer1 is invalid.
Line 399: The property name WindowlessVideo in MediaPlayer1 is invalid.
